The system is: Linux - 3.10.0-1160.90.1.el7.x86_64 - x86_64
Compiling the CXX compiler identification source file "CMakeCXXCompilerId.cpp" succeeded.
Compiler: /opt/riscv/bin/riscv32-unknown-elf-g++ 
Build flags: 
Id flags:  

The output was:
0


Compilation of the CXX compiler identification source "CMakeCXXCompilerId.cpp" produced "a.out"

The CXX compiler identification is GNU, found in "/home/szczygie/RISCV/mtm_ppcu_vlsi_riscv/sw/build/CMakeFiles/3.23.0-rc2/CompilerIdCXX/a.out"

Checking whether the ASM compiler is GNU using "--version" matched "(GNU assembler)|(GCC)|(Free Software Foundation)":
riscv32-unknown-elf-g++ (GCC) 10.0.0 20190929 (experimental)
Copyright (C) 2019 Free Software Foundation, Inc.
This is free software; see the source for copying conditions.  There is NO
warranty; not even for MERCHANTABILITY or FITNESS FOR A PARTICULAR PURPOSE.

Detecting CXX compiler ABI info compiled with the following output:
Change Dir: /home/szczygie/RISCV/mtm_ppcu_vlsi_riscv/sw/build/CMakeFiles/CMakeTmp

Run Build Command(s):/usr/bin/gmake -f Makefile cmTC_9968f/fast && /usr/bin/gmake  -f CMakeFiles/cmTC_9968f.dir/build.make CMakeFiles/cmTC_9968f.dir/build
gmake[1]: Entering directory `/home/szczygie/RISCV/mtm_ppcu_vlsi_riscv/sw/build/CMakeFiles/CMakeTmp'
Building CXX object CMakeFiles/cmTC_9968f.dir/CMakeCXXCompilerABI.cpp.o
/opt/riscv/bin/riscv32-unknown-elf-g++   -v -std=gnu++2a -o CMakeFiles/cmTC_9968f.dir/CMakeCXXCompilerABI.cpp.o -c /usr/local/cmake-3.23.0-rc2-linux-x86_64/share/cmake-3.23/Modules/CMakeCXXCompilerABI.cpp
Using built-in specs.
COLLECT_GCC=/opt/riscv/bin/riscv32-unknown-elf-g++
Target: riscv32-unknown-elf
Configured with: /root/riscv-gnu-toolchain/riscv-gcc/configure --target=riscv32-unknown-elf --prefix=/opt/riscvb --disable-shared --disable-threads --enable-languages=c,c++ --with-system-zlib --enable-tls --with-newlib --with-sysroot=/opt/riscvb/riscv32-unknown-elf --with-native-system-header-dir=/include --disable-libmudflap --disable-libssp --disable-libquadmath --disable-libgomp --disable-nls --disable-tm-clone-registry --src=.././riscv-gcc --disable-multilib --with-abi=ilp32 --with-arch=rv32imb --with-tune=rocket 'CFLAGS_FOR_TARGET=-Os   -mcmodel=medlow' 'CXXFLAGS_FOR_TARGET=-Os   -mcmodel=medlow'
Thread model: single
Supported LTO compression algorithms: zlib
gcc version 10.0.0 20190929 (experimental) (GCC) 
COLLECT_GCC_OPTIONS='-v' '-std=gnu++2a' '-o' 'CMakeFiles/cmTC_9968f.dir/CMakeCXXCompilerABI.cpp.o' '-c' '-mtune=rocket' '-march=rv32imb' '-mabi=ilp32'
 /opt/riscv/bin/../libexec/gcc/riscv32-unknown-elf/10.0.0/cc1plus -quiet -v -iprefix /opt/riscv/bin/../lib/gcc/riscv32-unknown-elf/10.0.0/ -isysroot /opt/riscv/bin/../riscv32-unknown-elf /usr/local/cmake-3.23.0-rc2-linux-x86_64/share/cmake-3.23/Modules/CMakeCXXCompilerABI.cpp -quiet -dumpbase CMakeCXXCompilerABI.cpp -mtune=rocket -march=rv32imb -mabi=ilp32 -auxbase-strip CMakeFiles/cmTC_9968f.dir/CMakeCXXCompilerABI.cpp.o -std=gnu++2a -version -o /tmp/ccmaMEWT.s
GNU C++17 (GCC) version 10.0.0 20190929 (experimental) (riscv32-unknown-elf)
	compiled by GNU C version 9.2.0, GMP version 6.0.0, MPFR version 3.1.1, MPC version 1.0.1, isl version none
GGC heuristics: --param ggc-min-expand=30 --param ggc-min-heapsize=4096
ignoring duplicate directory "/opt/riscv/bin/../lib/gcc/../../lib/gcc/riscv32-unknown-elf/10.0.0/../../../../riscv32-unknown-elf/include/c++/10.0.0"
ignoring duplicate directory "/opt/riscv/bin/../lib/gcc/../../lib/gcc/riscv32-unknown-elf/10.0.0/../../../../riscv32-unknown-elf/include/c++/10.0.0/riscv32-unknown-elf"
ignoring duplicate directory "/opt/riscv/bin/../lib/gcc/../../lib/gcc/riscv32-unknown-elf/10.0.0/../../../../riscv32-unknown-elf/include/c++/10.0.0/backward"
ignoring duplicate directory "/opt/riscv/bin/../lib/gcc/../../lib/gcc/riscv32-unknown-elf/10.0.0/include"
ignoring nonexistent directory "/opt/riscv/bin/../riscv32-unknown-elf/usr/local/include"
ignoring duplicate directory "/opt/riscv/bin/../lib/gcc/../../lib/gcc/riscv32-unknown-elf/10.0.0/include-fixed"
ignoring duplicate directory "/opt/riscv/bin/../lib/gcc/../../lib/gcc/riscv32-unknown-elf/10.0.0/../../../../riscv32-unknown-elf/include"
ignoring duplicate directory "/opt/riscv/bin/../riscv32-unknown-elf/include"
#include "..." search starts here:
#include <...> search starts here:
 /opt/riscv/bin/../lib/gcc/riscv32-unknown-elf/10.0.0/../../../../riscv32-unknown-elf/include/c++/10.0.0
 /opt/riscv/bin/../lib/gcc/riscv32-unknown-elf/10.0.0/../../../../riscv32-unknown-elf/include/c++/10.0.0/riscv32-unknown-elf
 /opt/riscv/bin/../lib/gcc/riscv32-unknown-elf/10.0.0/../../../../riscv32-unknown-elf/include/c++/10.0.0/backward
 /opt/riscv/bin/../lib/gcc/riscv32-unknown-elf/10.0.0/include
 /opt/riscv/bin/../lib/gcc/riscv32-unknown-elf/10.0.0/include-fixed
 /opt/riscv/bin/../lib/gcc/riscv32-unknown-elf/10.0.0/../../../../riscv32-unknown-elf/include
End of search list.
GNU C++17 (GCC) version 10.0.0 20190929 (experimental) (riscv32-unknown-elf)
	compiled by GNU C version 9.2.0, GMP version 6.0.0, MPFR version 3.1.1, MPC version 1.0.1, isl version none
GGC heuristics: --param ggc-min-expand=30 --param ggc-min-heapsize=4096
Compiler executable checksum: 57fe3f7a054314e87180d359addfe5f6
COLLECT_GCC_OPTIONS='-v' '-std=gnu++2a' '-o' 'CMakeFiles/cmTC_9968f.dir/CMakeCXXCompilerABI.cpp.o' '-c' '-mtune=rocket' '-march=rv32imb' '-mabi=ilp32'
 /opt/riscv/bin/../lib/gcc/riscv32-unknown-elf/10.0.0/../../../../riscv32-unknown-elf/bin/as -v --traditional-format -march=rv32imb -mabi=ilp32 -o CMakeFiles/cmTC_9968f.dir/CMakeCXXCompilerABI.cpp.o /tmp/ccmaMEWT.s
GNU assembler version 2.33.50 (riscv32-unknown-elf) using BFD version (GNU Binutils) 2.33.50.20190929
COMPILER_PATH=/opt/riscv/bin/../libexec/gcc/riscv32-unknown-elf/10.0.0/:/opt/riscv/bin/../libexec/gcc/:/opt/riscv/bin/../lib/gcc/riscv32-unknown-elf/10.0.0/../../../../riscv32-unknown-elf/bin/
LIBRARY_PATH=/opt/riscv/bin/../lib/gcc/riscv32-unknown-elf/10.0.0/:/opt/riscv/bin/../lib/gcc/:/opt/riscv/bin/../lib/gcc/riscv32-unknown-elf/10.0.0/../../../../riscv32-unknown-elf/lib/:/opt/riscv/bin/../riscv32-unknown-elf/lib/
COLLECT_GCC_OPTIONS='-v' '-std=gnu++2a' '-o' 'CMakeFiles/cmTC_9968f.dir/CMakeCXXCompilerABI.cpp.o' '-c' '-mtune=rocket' '-march=rv32imb' '-mabi=ilp32'
Linking CXX executable cmTC_9968f
/usr/local/cmake-3.23.0-rc2-linux-x86_64/bin/cmake -E cmake_link_script CMakeFiles/cmTC_9968f.dir/link.txt --verbose=1
/opt/riscv/bin/riscv32-unknown-elf-g++  -v CMakeFiles/cmTC_9968f.dir/CMakeCXXCompilerABI.cpp.o -o cmTC_9968f 
Using built-in specs.
COLLECT_GCC=/opt/riscv/bin/riscv32-unknown-elf-g++
COLLECT_LTO_WRAPPER=/opt/riscv/bin/../libexec/gcc/riscv32-unknown-elf/10.0.0/lto-wrapper
Target: riscv32-unknown-elf
Configured with: /root/riscv-gnu-toolchain/riscv-gcc/configure --target=riscv32-unknown-elf --prefix=/opt/riscvb --disable-shared --disable-threads --enable-languages=c,c++ --with-system-zlib --enable-tls --with-newlib --with-sysroot=/opt/riscvb/riscv32-unknown-elf --with-native-system-header-dir=/include --disable-libmudflap --disable-libssp --disable-libquadmath --disable-libgomp --disable-nls --disable-tm-clone-registry --src=.././riscv-gcc --disable-multilib --with-abi=ilp32 --with-arch=rv32imb --with-tune=rocket 'CFLAGS_FOR_TARGET=-Os   -mcmodel=medlow' 'CXXFLAGS_FOR_TARGET=-Os   -mcmodel=medlow'
Thread model: single
Supported LTO compression algorithms: zlib
gcc version 10.0.0 20190929 (experimental) (GCC) 
COMPILER_PATH=/opt/riscv/bin/../libexec/gcc/riscv32-unknown-elf/10.0.0/:/opt/riscv/bin/../libexec/gcc/:/opt/riscv/bin/../lib/gcc/riscv32-unknown-elf/10.0.0/../../../../riscv32-unknown-elf/bin/
LIBRARY_PATH=/opt/riscv/bin/../lib/gcc/riscv32-unknown-elf/10.0.0/:/opt/riscv/bin/../lib/gcc/:/opt/riscv/bin/../lib/gcc/riscv32-unknown-elf/10.0.0/../../../../riscv32-unknown-elf/lib/:/opt/riscv/bin/../riscv32-unknown-elf/lib/
COLLECT_GCC_OPTIONS='-v' '-o' 'cmTC_9968f' '-mtune=rocket' '-march=rv32imb' '-mabi=ilp32'
 /opt/riscv/bin/../libexec/gcc/riscv32-unknown-elf/10.0.0/collect2 -plugin /opt/riscv/bin/../libexec/gcc/riscv32-unknown-elf/10.0.0/liblto_plugin.so -plugin-opt=/opt/riscv/bin/../libexec/gcc/riscv32-unknown-elf/10.0.0/lto-wrapper -plugin-opt=-fresolution=/tmp/ccxRliVS.res -plugin-opt=-pass-through=-lgcc -plugin-opt=-pass-through=-lc -plugin-opt=-pass-through=-lgloss -plugin-opt=-pass-through=-lgcc --sysroot=/opt/riscv/bin/../riscv32-unknown-elf -melf32lriscv -o cmTC_9968f /opt/riscv/bin/../lib/gcc/riscv32-unknown-elf/10.0.0/../../../../riscv32-unknown-elf/lib/crt0.o /opt/riscv/bin/../lib/gcc/riscv32-unknown-elf/10.0.0/crtbegin.o -L/opt/riscv/bin/../lib/gcc/riscv32-unknown-elf/10.0.0 -L/opt/riscv/bin/../lib/gcc -L/opt/riscv/bin/../lib/gcc/riscv32-unknown-elf/10.0.0/../../../../riscv32-unknown-elf/lib -L/opt/riscv/bin/../riscv32-unknown-elf/lib CMakeFiles/cmTC_9968f.dir/CMakeCXXCompilerABI.cpp.o -lstdc++ -lm -lgcc --start-group -lc -lgloss --end-group -lgcc /opt/riscv/bin/../lib/gcc/riscv32-unknown-elf/10.0.0/crtend.o
COLLECT_GCC_OPTIONS='-v' '-o' 'cmTC_9968f' '-mtune=rocket' '-march=rv32imb' '-mabi=ilp32'
gmake[1]: Leaving directory `/home/szczygie/RISCV/mtm_ppcu_vlsi_riscv/sw/build/CMakeFiles/CMakeTmp'



Parsed CXX implicit include dir info from above output: rv=done
  found start of include info
  found start of implicit include info
    add: [/opt/riscv/bin/../lib/gcc/riscv32-unknown-elf/10.0.0/../../../../riscv32-unknown-elf/include/c++/10.0.0]
    add: [/opt/riscv/bin/../lib/gcc/riscv32-unknown-elf/10.0.0/../../../../riscv32-unknown-elf/include/c++/10.0.0/riscv32-unknown-elf]
    add: [/opt/riscv/bin/../lib/gcc/riscv32-unknown-elf/10.0.0/../../../../riscv32-unknown-elf/include/c++/10.0.0/backward]
    add: [/opt/riscv/bin/../lib/gcc/riscv32-unknown-elf/10.0.0/include]
    add: [/opt/riscv/bin/../lib/gcc/riscv32-unknown-elf/10.0.0/include-fixed]
    add: [/opt/riscv/bin/../lib/gcc/riscv32-unknown-elf/10.0.0/../../../../riscv32-unknown-elf/include]
  end of search list found
  collapse include dir [/opt/riscv/bin/../lib/gcc/riscv32-unknown-elf/10.0.0/../../../../riscv32-unknown-elf/include/c++/10.0.0] ==> [/opt/riscv/riscv32-unknown-elf/include/c++/10.0.0]
  collapse include dir [/opt/riscv/bin/../lib/gcc/riscv32-unknown-elf/10.0.0/../../../../riscv32-unknown-elf/include/c++/10.0.0/riscv32-unknown-elf] ==> [/opt/riscv/riscv32-unknown-elf/include/c++/10.0.0/riscv32-unknown-elf]
  collapse include dir [/opt/riscv/bin/../lib/gcc/riscv32-unknown-elf/10.0.0/../../../../riscv32-unknown-elf/include/c++/10.0.0/backward] ==> [/opt/riscv/riscv32-unknown-elf/include/c++/10.0.0/backward]
  collapse include dir [/opt/riscv/bin/../lib/gcc/riscv32-unknown-elf/10.0.0/include] ==> [/opt/riscv/lib/gcc/riscv32-unknown-elf/10.0.0/include]
  collapse include dir [/opt/riscv/bin/../lib/gcc/riscv32-unknown-elf/10.0.0/include-fixed] ==> [/opt/riscv/lib/gcc/riscv32-unknown-elf/10.0.0/include-fixed]
  collapse include dir [/opt/riscv/bin/../lib/gcc/riscv32-unknown-elf/10.0.0/../../../../riscv32-unknown-elf/include] ==> [/opt/riscv/riscv32-unknown-elf/include]
  implicit include dirs: [/opt/riscv/riscv32-unknown-elf/include/c++/10.0.0;/opt/riscv/riscv32-unknown-elf/include/c++/10.0.0/riscv32-unknown-elf;/opt/riscv/riscv32-unknown-elf/include/c++/10.0.0/backward;/opt/riscv/lib/gcc/riscv32-unknown-elf/10.0.0/include;/opt/riscv/lib/gcc/riscv32-unknown-elf/10.0.0/include-fixed;/opt/riscv/riscv32-unknown-elf/include]


Parsed CXX implicit link information from above output:
  link line regex: [^( *|.*[/\])(riscv32-unknown-elf-ld|CMAKE_LINK_STARTFILE-NOTFOUND|([^/\]+-)?ld|collect2)[^/\]*( |$)]
  ignore line: [Change Dir: /home/szczygie/RISCV/mtm_ppcu_vlsi_riscv/sw/build/CMakeFiles/CMakeTmp]
  ignore line: []
  ignore line: [Run Build Command(s):/usr/bin/gmake -f Makefile cmTC_9968f/fast && /usr/bin/gmake  -f CMakeFiles/cmTC_9968f.dir/build.make CMakeFiles/cmTC_9968f.dir/build]
  ignore line: [gmake[1]: Entering directory `/home/szczygie/RISCV/mtm_ppcu_vlsi_riscv/sw/build/CMakeFiles/CMakeTmp']
  ignore line: [Building CXX object CMakeFiles/cmTC_9968f.dir/CMakeCXXCompilerABI.cpp.o]
  ignore line: [/opt/riscv/bin/riscv32-unknown-elf-g++   -v -std=gnu++2a -o CMakeFiles/cmTC_9968f.dir/CMakeCXXCompilerABI.cpp.o -c /usr/local/cmake-3.23.0-rc2-linux-x86_64/share/cmake-3.23/Modules/CMakeCXXCompilerABI.cpp]
  ignore line: [Using built-in specs.]
  ignore line: [COLLECT_GCC=/opt/riscv/bin/riscv32-unknown-elf-g++]
  ignore line: [Target: riscv32-unknown-elf]
  ignore line: [Configured with: /root/riscv-gnu-toolchain/riscv-gcc/configure --target=riscv32-unknown-elf --prefix=/opt/riscvb --disable-shared --disable-threads --enable-languages=c c++ --with-system-zlib --enable-tls --with-newlib --with-sysroot=/opt/riscvb/riscv32-unknown-elf --with-native-system-header-dir=/include --disable-libmudflap --disable-libssp --disable-libquadmath --disable-libgomp --disable-nls --disable-tm-clone-registry --src=.././riscv-gcc --disable-multilib --with-abi=ilp32 --with-arch=rv32imb --with-tune=rocket 'CFLAGS_FOR_TARGET=-Os   -mcmodel=medlow' 'CXXFLAGS_FOR_TARGET=-Os   -mcmodel=medlow']
  ignore line: [Thread model: single]
  ignore line: [Supported LTO compression algorithms: zlib]
  ignore line: [gcc version 10.0.0 20190929 (experimental) (GCC) ]
  ignore line: [COLLECT_GCC_OPTIONS='-v' '-std=gnu++2a' '-o' 'CMakeFiles/cmTC_9968f.dir/CMakeCXXCompilerABI.cpp.o' '-c' '-mtune=rocket' '-march=rv32imb' '-mabi=ilp32']
  ignore line: [ /opt/riscv/bin/../libexec/gcc/riscv32-unknown-elf/10.0.0/cc1plus -quiet -v -iprefix /opt/riscv/bin/../lib/gcc/riscv32-unknown-elf/10.0.0/ -isysroot /opt/riscv/bin/../riscv32-unknown-elf /usr/local/cmake-3.23.0-rc2-linux-x86_64/share/cmake-3.23/Modules/CMakeCXXCompilerABI.cpp -quiet -dumpbase CMakeCXXCompilerABI.cpp -mtune=rocket -march=rv32imb -mabi=ilp32 -auxbase-strip CMakeFiles/cmTC_9968f.dir/CMakeCXXCompilerABI.cpp.o -std=gnu++2a -version -o /tmp/ccmaMEWT.s]
  ignore line: [GNU C++17 (GCC) version 10.0.0 20190929 (experimental) (riscv32-unknown-elf)]
  ignore line: [	compiled by GNU C version 9.2.0  GMP version 6.0.0  MPFR version 3.1.1  MPC version 1.0.1  isl version none]
  ignore line: [GGC heuristics: --param ggc-min-expand=30 --param ggc-min-heapsize=4096]
  ignore line: [ignoring duplicate directory "/opt/riscv/bin/../lib/gcc/../../lib/gcc/riscv32-unknown-elf/10.0.0/../../../../riscv32-unknown-elf/include/c++/10.0.0"]
  ignore line: [ignoring duplicate directory "/opt/riscv/bin/../lib/gcc/../../lib/gcc/riscv32-unknown-elf/10.0.0/../../../../riscv32-unknown-elf/include/c++/10.0.0/riscv32-unknown-elf"]
  ignore line: [ignoring duplicate directory "/opt/riscv/bin/../lib/gcc/../../lib/gcc/riscv32-unknown-elf/10.0.0/../../../../riscv32-unknown-elf/include/c++/10.0.0/backward"]
  ignore line: [ignoring duplicate directory "/opt/riscv/bin/../lib/gcc/../../lib/gcc/riscv32-unknown-elf/10.0.0/include"]
  ignore line: [ignoring nonexistent directory "/opt/riscv/bin/../riscv32-unknown-elf/usr/local/include"]
  ignore line: [ignoring duplicate directory "/opt/riscv/bin/../lib/gcc/../../lib/gcc/riscv32-unknown-elf/10.0.0/include-fixed"]
  ignore line: [ignoring duplicate directory "/opt/riscv/bin/../lib/gcc/../../lib/gcc/riscv32-unknown-elf/10.0.0/../../../../riscv32-unknown-elf/include"]
  ignore line: [ignoring duplicate directory "/opt/riscv/bin/../riscv32-unknown-elf/include"]
  ignore line: [#include "..." search starts here:]
  ignore line: [#include <...> search starts here:]
  ignore line: [ /opt/riscv/bin/../lib/gcc/riscv32-unknown-elf/10.0.0/../../../../riscv32-unknown-elf/include/c++/10.0.0]
  ignore line: [ /opt/riscv/bin/../lib/gcc/riscv32-unknown-elf/10.0.0/../../../../riscv32-unknown-elf/include/c++/10.0.0/riscv32-unknown-elf]
  ignore line: [ /opt/riscv/bin/../lib/gcc/riscv32-unknown-elf/10.0.0/../../../../riscv32-unknown-elf/include/c++/10.0.0/backward]
  ignore line: [ /opt/riscv/bin/../lib/gcc/riscv32-unknown-elf/10.0.0/include]
  ignore line: [ /opt/riscv/bin/../lib/gcc/riscv32-unknown-elf/10.0.0/include-fixed]
  ignore line: [ /opt/riscv/bin/../lib/gcc/riscv32-unknown-elf/10.0.0/../../../../riscv32-unknown-elf/include]
  ignore line: [End of search list.]
  ignore line: [GNU C++17 (GCC) version 10.0.0 20190929 (experimental) (riscv32-unknown-elf)]
  ignore line: [	compiled by GNU C version 9.2.0  GMP version 6.0.0  MPFR version 3.1.1  MPC version 1.0.1  isl version none]
  ignore line: [GGC heuristics: --param ggc-min-expand=30 --param ggc-min-heapsize=4096]
  ignore line: [Compiler executable checksum: 57fe3f7a054314e87180d359addfe5f6]
  ignore line: [COLLECT_GCC_OPTIONS='-v' '-std=gnu++2a' '-o' 'CMakeFiles/cmTC_9968f.dir/CMakeCXXCompilerABI.cpp.o' '-c' '-mtune=rocket' '-march=rv32imb' '-mabi=ilp32']
  ignore line: [ /opt/riscv/bin/../lib/gcc/riscv32-unknown-elf/10.0.0/../../../../riscv32-unknown-elf/bin/as -v --traditional-format -march=rv32imb -mabi=ilp32 -o CMakeFiles/cmTC_9968f.dir/CMakeCXXCompilerABI.cpp.o /tmp/ccmaMEWT.s]
  ignore line: [GNU assembler version 2.33.50 (riscv32-unknown-elf) using BFD version (GNU Binutils) 2.33.50.20190929]
  ignore line: [COMPILER_PATH=/opt/riscv/bin/../libexec/gcc/riscv32-unknown-elf/10.0.0/:/opt/riscv/bin/../libexec/gcc/:/opt/riscv/bin/../lib/gcc/riscv32-unknown-elf/10.0.0/../../../../riscv32-unknown-elf/bin/]
  ignore line: [LIBRARY_PATH=/opt/riscv/bin/../lib/gcc/riscv32-unknown-elf/10.0.0/:/opt/riscv/bin/../lib/gcc/:/opt/riscv/bin/../lib/gcc/riscv32-unknown-elf/10.0.0/../../../../riscv32-unknown-elf/lib/:/opt/riscv/bin/../riscv32-unknown-elf/lib/]
  ignore line: [COLLECT_GCC_OPTIONS='-v' '-std=gnu++2a' '-o' 'CMakeFiles/cmTC_9968f.dir/CMakeCXXCompilerABI.cpp.o' '-c' '-mtune=rocket' '-march=rv32imb' '-mabi=ilp32']
  ignore line: [Linking CXX executable cmTC_9968f]
  ignore line: [/usr/local/cmake-3.23.0-rc2-linux-x86_64/bin/cmake -E cmake_link_script CMakeFiles/cmTC_9968f.dir/link.txt --verbose=1]
  ignore line: [/opt/riscv/bin/riscv32-unknown-elf-g++  -v CMakeFiles/cmTC_9968f.dir/CMakeCXXCompilerABI.cpp.o -o cmTC_9968f ]
  ignore line: [Using built-in specs.]
  ignore line: [COLLECT_GCC=/opt/riscv/bin/riscv32-unknown-elf-g++]
  ignore line: [COLLECT_LTO_WRAPPER=/opt/riscv/bin/../libexec/gcc/riscv32-unknown-elf/10.0.0/lto-wrapper]
  ignore line: [Target: riscv32-unknown-elf]
  ignore line: [Configured with: /root/riscv-gnu-toolchain/riscv-gcc/configure --target=riscv32-unknown-elf --prefix=/opt/riscvb --disable-shared --disable-threads --enable-languages=c c++ --with-system-zlib --enable-tls --with-newlib --with-sysroot=/opt/riscvb/riscv32-unknown-elf --with-native-system-header-dir=/include --disable-libmudflap --disable-libssp --disable-libquadmath --disable-libgomp --disable-nls --disable-tm-clone-registry --src=.././riscv-gcc --disable-multilib --with-abi=ilp32 --with-arch=rv32imb --with-tune=rocket 'CFLAGS_FOR_TARGET=-Os   -mcmodel=medlow' 'CXXFLAGS_FOR_TARGET=-Os   -mcmodel=medlow']
  ignore line: [Thread model: single]
  ignore line: [Supported LTO compression algorithms: zlib]
  ignore line: [gcc version 10.0.0 20190929 (experimental) (GCC) ]
  ignore line: [COMPILER_PATH=/opt/riscv/bin/../libexec/gcc/riscv32-unknown-elf/10.0.0/:/opt/riscv/bin/../libexec/gcc/:/opt/riscv/bin/../lib/gcc/riscv32-unknown-elf/10.0.0/../../../../riscv32-unknown-elf/bin/]
  ignore line: [LIBRARY_PATH=/opt/riscv/bin/../lib/gcc/riscv32-unknown-elf/10.0.0/:/opt/riscv/bin/../lib/gcc/:/opt/riscv/bin/../lib/gcc/riscv32-unknown-elf/10.0.0/../../../../riscv32-unknown-elf/lib/:/opt/riscv/bin/../riscv32-unknown-elf/lib/]
  ignore line: [COLLECT_GCC_OPTIONS='-v' '-o' 'cmTC_9968f' '-mtune=rocket' '-march=rv32imb' '-mabi=ilp32']
  link line: [ /opt/riscv/bin/../libexec/gcc/riscv32-unknown-elf/10.0.0/collect2 -plugin /opt/riscv/bin/../libexec/gcc/riscv32-unknown-elf/10.0.0/liblto_plugin.so -plugin-opt=/opt/riscv/bin/../libexec/gcc/riscv32-unknown-elf/10.0.0/lto-wrapper -plugin-opt=-fresolution=/tmp/ccxRliVS.res -plugin-opt=-pass-through=-lgcc -plugin-opt=-pass-through=-lc -plugin-opt=-pass-through=-lgloss -plugin-opt=-pass-through=-lgcc --sysroot=/opt/riscv/bin/../riscv32-unknown-elf -melf32lriscv -o cmTC_9968f /opt/riscv/bin/../lib/gcc/riscv32-unknown-elf/10.0.0/../../../../riscv32-unknown-elf/lib/crt0.o /opt/riscv/bin/../lib/gcc/riscv32-unknown-elf/10.0.0/crtbegin.o -L/opt/riscv/bin/../lib/gcc/riscv32-unknown-elf/10.0.0 -L/opt/riscv/bin/../lib/gcc -L/opt/riscv/bin/../lib/gcc/riscv32-unknown-elf/10.0.0/../../../../riscv32-unknown-elf/lib -L/opt/riscv/bin/../riscv32-unknown-elf/lib CMakeFiles/cmTC_9968f.dir/CMakeCXXCompilerABI.cpp.o -lstdc++ -lm -lgcc --start-group -lc -lgloss --end-group -lgcc /opt/riscv/bin/../lib/gcc/riscv32-unknown-elf/10.0.0/crtend.o]
    arg [/opt/riscv/bin/../libexec/gcc/riscv32-unknown-elf/10.0.0/collect2] ==> ignore
    arg [-plugin] ==> ignore
    arg [/opt/riscv/bin/../libexec/gcc/riscv32-unknown-elf/10.0.0/liblto_plugin.so] ==> ignore
    arg [-plugin-opt=/opt/riscv/bin/../libexec/gcc/riscv32-unknown-elf/10.0.0/lto-wrapper] ==> ignore
    arg [-plugin-opt=-fresolution=/tmp/ccxRliVS.res] ==> ignore
    arg [-plugin-opt=-pass-through=-lgcc] ==> ignore
    arg [-plugin-opt=-pass-through=-lc] ==> ignore
    arg [-plugin-opt=-pass-through=-lgloss] ==> ignore
    arg [-plugin-opt=-pass-through=-lgcc] ==> ignore
    arg [--sysroot=/opt/riscv/bin/../riscv32-unknown-elf] ==> ignore
    arg [-melf32lriscv] ==> ignore
    arg [-o] ==> ignore
    arg [cmTC_9968f] ==> ignore
    arg [/opt/riscv/bin/../lib/gcc/riscv32-unknown-elf/10.0.0/../../../../riscv32-unknown-elf/lib/crt0.o] ==> obj [/opt/riscv/bin/../lib/gcc/riscv32-unknown-elf/10.0.0/../../../../riscv32-unknown-elf/lib/crt0.o]
    arg [/opt/riscv/bin/../lib/gcc/riscv32-unknown-elf/10.0.0/crtbegin.o] ==> obj [/opt/riscv/bin/../lib/gcc/riscv32-unknown-elf/10.0.0/crtbegin.o]
    arg [-L/opt/riscv/bin/../lib/gcc/riscv32-unknown-elf/10.0.0] ==> dir [/opt/riscv/bin/../lib/gcc/riscv32-unknown-elf/10.0.0]
    arg [-L/opt/riscv/bin/../lib/gcc] ==> dir [/opt/riscv/bin/../lib/gcc]
    arg [-L/opt/riscv/bin/../lib/gcc/riscv32-unknown-elf/10.0.0/../../../../riscv32-unknown-elf/lib] ==> dir [/opt/riscv/bin/../lib/gcc/riscv32-unknown-elf/10.0.0/../../../../riscv32-unknown-elf/lib]
    arg [-L/opt/riscv/bin/../riscv32-unknown-elf/lib] ==> dir [/opt/riscv/bin/../riscv32-unknown-elf/lib]
    arg [CMakeFiles/cmTC_9968f.dir/CMakeCXXCompilerABI.cpp.o] ==> ignore
    arg [-lstdc++] ==> lib [stdc++]
    arg [-lm] ==> lib [m]
    arg [-lgcc] ==> lib [gcc]
    arg [--start-group] ==> ignore
    arg [-lc] ==> lib [c]
    arg [-lgloss] ==> lib [gloss]
    arg [--end-group] ==> ignore
    arg [-lgcc] ==> lib [gcc]
    arg [/opt/riscv/bin/../lib/gcc/riscv32-unknown-elf/10.0.0/crtend.o] ==> obj [/opt/riscv/bin/../lib/gcc/riscv32-unknown-elf/10.0.0/crtend.o]
  collapse obj [/opt/riscv/bin/../lib/gcc/riscv32-unknown-elf/10.0.0/../../../../riscv32-unknown-elf/lib/crt0.o] ==> [/opt/riscv/riscv32-unknown-elf/lib/crt0.o]
  collapse obj [/opt/riscv/bin/../lib/gcc/riscv32-unknown-elf/10.0.0/crtbegin.o] ==> [/opt/riscv/lib/gcc/riscv32-unknown-elf/10.0.0/crtbegin.o]
  collapse obj [/opt/riscv/bin/../lib/gcc/riscv32-unknown-elf/10.0.0/crtend.o] ==> [/opt/riscv/lib/gcc/riscv32-unknown-elf/10.0.0/crtend.o]
  collapse library dir [/opt/riscv/bin/../lib/gcc/riscv32-unknown-elf/10.0.0] ==> [/opt/riscv/lib/gcc/riscv32-unknown-elf/10.0.0]
  collapse library dir [/opt/riscv/bin/../lib/gcc] ==> [/opt/riscv/lib/gcc]
  collapse library dir [/opt/riscv/bin/../lib/gcc/riscv32-unknown-elf/10.0.0/../../../../riscv32-unknown-elf/lib] ==> [/opt/riscv/riscv32-unknown-elf/lib]
  collapse library dir [/opt/riscv/bin/../riscv32-unknown-elf/lib] ==> [/opt/riscv/riscv32-unknown-elf/lib]
  implicit libs: [stdc++;m;gcc;c;gloss;gcc]
  implicit objs: [/opt/riscv/riscv32-unknown-elf/lib/crt0.o;/opt/riscv/lib/gcc/riscv32-unknown-elf/10.0.0/crtbegin.o;/opt/riscv/lib/gcc/riscv32-unknown-elf/10.0.0/crtend.o]
  implicit dirs: [/opt/riscv/lib/gcc/riscv32-unknown-elf/10.0.0;/opt/riscv/lib/gcc;/opt/riscv/riscv32-unknown-elf/lib]
  implicit fwks: []


